{"C:\\Users\\kolmy\\OneDrive\\Рабочий стол\\for-in\\src\\orderByProps.js": {"path":"C:\\Users\\kolmy\\OneDrive\\Рабочий стол\\for-in\\src\\orderByProps.js","statementMap":{"0":{"start":{"line":2,"column":20},"end":{"line":2,"column":22}},"1":{"start":{"line":3,"column":22},"end":{"line":3,"column":24}},"2":{"start":{"line":6,"column":4},"end":{"line":10,"column":5}},"3":{"start":{"line":7,"column":6},"end":{"line":9,"column":7}},"4":{"start":{"line":8,"column":8},"end":{"line":8,"column":47}},"5":{"start":{"line":13,"column":17},"end":{"line":13,"column":40}},"6":{"start":{"line":16,"column":4},"end":{"line":20,"column":5}},"7":{"start":{"line":17,"column":6},"end":{"line":19,"column":7}},"8":{"start":{"line":18,"column":8},"end":{"line":18,"column":49}},"9":{"start":{"line":22,"column":4},"end":{"line":22,"column":38}}},"fnMap":{"0":{"name":"orderByProps","decl":{"start":{"line":1,"column":24},"end":{"line":1,"column":36}},"loc":{"start":{"line":1,"column":49},"end":{"line":23,"column":3}},"line":1}},"branchMap":{"0":{"loc":{"start":{"line":7,"column":6},"end":{"line":9,"column":7}},"type":"if","locations":[{"start":{"line":7,"column":6},"end":{"line":9,"column":7}},{"start":{},"end":{}}],"line":7},"1":{"loc":{"start":{"line":17,"column":6},"end":{"line":19,"column":7}},"type":"if","locations":[{"start":{"line":17,"column":6},"end":{"line":19,"column":7}},{"start":{},"end":{}}],"line":17}},"s":{"0":3,"1":3,"2":3,"3":4,"4":2,"5":3,"6":3,"7":15,"8":13,"9":3},"f":{"0":3},"b":{"0":[2,2],"1":[13,2]},"_coverageSchema":"1a1c01bbd47fc00a2c39e90264f33305004495a9","hash":"1814589eea441a70ab5c038bd874d958292d2130"}
}
