{"C:\\Users\\kolmy\\OneDrive\\Рабочий стол\\for-in\\src\\orderByProps.js": {"path":"C:\\Users\\kolmy\\OneDrive\\Рабочий стол\\for-in\\src\\orderByProps.js","statementMap":{"0":{"start":{"line":2,"column":23},"end":{"line":2,"column":25}},"1":{"start":{"line":3,"column":25},"end":{"line":3,"column":27}},"2":{"start":{"line":5,"column":2},"end":{"line":11,"column":3}},"3":{"start":{"line":6,"column":4},"end":{"line":10,"column":5}},"4":{"start":{"line":7,"column":6},"end":{"line":7,"column":57}},"5":{"start":{"line":9,"column":6},"end":{"line":9,"column":59}},"6":{"start":{"line":13,"column":2},"end":{"line":13,"column":58}},"7":{"start":{"line":13,"column":33},"end":{"line":13,"column":55}},"8":{"start":{"line":15,"column":2},"end":{"line":15,"column":46}}},"fnMap":{"0":{"name":"orderByProps","decl":{"start":{"line":1,"column":24},"end":{"line":1,"column":36}},"loc":{"start":{"line":1,"column":49},"end":{"line":16,"column":1}},"line":1},"1":{"name":"(anonymous_1)","decl":{"start":{"line":13,"column":22},"end":{"line":13,"column":23}},"loc":{"start":{"line":13,"column":33},"end":{"line":13,"column":55}},"line":13}},"branchMap":{"0":{"loc":{"start":{"line":6,"column":4},"end":{"line":10,"column":5}},"type":"if","locations":[{"start":{"line":6,"column":4},"end":{"line":10,"column":5}},{"start":{"line":8,"column":11},"end":{"line":10,"column":5}}],"line":6},"1":{"loc":{"start":{"line":13,"column":33},"end":{"line":13,"column":55}},"type":"cond-expr","locations":[{"start":{"line":13,"column":49},"end":{"line":13,"column":50}},{"start":{"line":13,"column":53},"end":{"line":13,"column":55}}],"line":13}},"s":{"0":3,"1":3,"2":3,"3":15,"4":2,"5":13,"6":3,"7":22,"8":3},"f":{"0":3,"1":22},"b":{"0":[2,13],"1":[8,14]},"_coverageSchema":"1a1c01bbd47fc00a2c39e90264f33305004495a9","hash":"3a75d4f9dc2841335f233c5a18251e079970480e"}
}
